::1 - - [09/Apr/2019:23:12:56 +0000] "GET /MUM HTTP/1.1" 404 142 "-" "PostmanRuntime/7.6.1"
::1 - - [09/Apr/2019:23:14:41 +0000] "GET /MUM HTTP/1.1" 404 142 "-" "PostmanRuntime/7.6.1"
::1 - - [09/Apr/2019:23:14:53 +0000] "GET / HTTP/1.1" 404 139 "-" "PostmanRuntime/7.6.1"
::1 - - [09/Apr/2019:23:14:55 +0000] "GET / HTTP/1.1" 404 139 "-" "PostmanRuntime/7.6.1"
::1 - - [09/Apr/2019:23:15:00 +0000] "GET /* HTTP/1.1" 404 140 "-" "PostmanRuntime/7.6.1"
::1 - - [11/Apr/2019:04:47:42 +0000] "POST / HTTP/1.1" 500 1686 "-" "PostmanRuntime/7.6.1"
::1 - - [11/Apr/2019:04:49:02 +0000] "POST / HTTP/1.1" 404 140 "-" "PostmanRuntime/7.6.1"
::1 - - [11/Apr/2019:04:49:27 +0000] "POST /insert HTTP/1.1" 404 146 "-" "PostmanRuntime/7.6.1"
::1 - - [11/Apr/2019:04:50:24 +0000] "POST /insert HTTP/1.1" 404 146 "-" "PostmanRuntime/7.6.1"
::1 - - [11/Apr/2019:04:51:56 +0000] "POST /insert HTTP/1.1" 404 146 "-" "PostmanRuntime/7.6.1"
::1 - - [11/Apr/2019:04:53:58 +0000] "POST /insert HTTP/1.1" 404 146 "-" "PostmanRuntime/7.6.1"
::1 - - [11/Apr/2019:04:54:50 +0000] "POST /insert HTTP/1.1" 404 146 "-" "PostmanRuntime/7.6.1"
::1 - - [11/Apr/2019:04:55:18 +0000] "POST /api/insert HTTP/1.1" 200 14 "-" "PostmanRuntime/7.6.1"
::1 - - [11/Apr/2019:04:57:10 +0000] "POST /api/MUM HTTP/1.1" 200 330 "-" "PostmanRuntime/7.6.1"
::1 - - [11/Apr/2019:04:57:56 +0000] "POST /api/MUM HTTP/1.1" 200 330 "-" "PostmanRuntime/7.6.1"
::1 - - [11/Apr/2019:04:58:11 +0000] "POST /api/MUM HTTP/1.1" 200 331 "-" "PostmanRuntime/7.6.1"
::1 - - [11/Apr/2019:04:59:54 +0000] "POST /api/MUM HTTP/1.1" 200 322 "-" "PostmanRuntime/7.6.1"
::1 - - [11/Apr/2019:05:01:23 +0000] "POST /api/MUM HTTP/1.1" 200 322 "-" "PostmanRuntime/7.6.1"
::1 - - [11/Apr/2019:05:01:55 +0000] "POST /api/insert HTTP/1.1" 200 14 "-" "PostmanRuntime/7.6.1"
::1 - - [11/Apr/2019:05:02:12 +0000] "POST /api/MUM HTTP/1.1" 200 322 "-" "PostmanRuntime/7.6.1"
::1 - - [11/Apr/2019:05:04:32 +0000] "POST /api/insert HTTP/1.1" 200 14 "-" "PostmanRuntime/7.6.1"
::1 - - [11/Apr/2019:05:04:43 +0000] "POST /api/MUM HTTP/1.1" 200 322 "-" "PostmanRuntime/7.6.1"
::1 - - [11/Apr/2019:05:09:13 +0000] "POST /api/insert HTTP/1.1" 404 150 "-" "PostmanRuntime/7.6.1"
::1 - - [11/Apr/2019:05:09:21 +0000] "POST /insert HTTP/1.1" 200 14 "-" "PostmanRuntime/7.6.1"
::1 - - [11/Apr/2019:05:09:32 +0000] "POST /search HTTP/1.1" 200 322 "-" "PostmanRuntime/7.6.1"
